-------------------------------------------------------------------------------
Test set: com.ithe.Springboot07TestApplicationTests
-------------------------------------------------------------------------------
Tests run: 1, Failures: 0, Errors: 1, Skipped: 0, Time elapsed: 0.128 s <<< FAILURE! - in com.ithe.Springboot07TestApplicationTests
com.ithe.Springboot07TestApplicationTests  Time elapsed: 0.127 s  <<< ERROR!
java.lang.IllegalStateException: Unable to find a @SpringBootConfiguration, you need to use @ContextConfiguration or @SpringBootTest(classes=...) with your test

