-------------------------------------------------------------------------------
Test set: com.itheima1.Springboot07TestApplicationTests
-------------------------------------------------------------------------------
Tests run: 1, Failures: 0, Errors: 1, Skipped: 0, Time elapsed: 0.145 s <<< FAILURE! - in com.itheima1.Springboot07TestApplicationTests
com.itheima1.Springboot07TestApplicationTests  Time elapsed: 0.144 s  <<< ERROR!
java.lang.IllegalStateException: Unable to find a @SpringBootConfiguration, you need to use @ContextConfiguration or @SpringBootTest(classes=...) with your test

